2015-03-26 20:50:01.487 HelloCordova[24942:672523] DiskCookieStorage changing policy from 2 to 0, cookie file: file:///Users/aaronmcleod/Library/Developer/CoreSimulator/Devices/782626E8-301B-4838-B85D-CE15753A0643/data/Containers/Data/Application/B98FD511-8FBA-4E4B-B155-6B0C23F934A2/Library/Cookies/Cookies.binarycookies
2015-03-26 20:50:01.761 HelloCordova[24942:672523] Apache Cordova native platform version 3.7.0 is starting.
2015-03-26 20:50:01.761 HelloCordova[24942:672523] Multi-tasking -> Device: YES, App: YES
2015-03-26 20:50:01.774 HelloCordova[24942:672523] Unlimited access to network resources
2015-03-26 20:50:01.784 HelloCordova[24942:672523] 

Started backup to iCloud! Please be careful.
Your application might be rejected by Apple if you store too much data.
For more information please read "iOS Data Storage Guidelines" at:
https://developer.apple.com/icloud/documentation/data-storage/
To disable web storage backup to iCloud, set the BackupWebStorage preference to "local" in the Cordova config.xml file

2015-03-26 20:50:02.538 HelloCordova[24942:672523] Resetting plugins due to page load.
2015-03-26 20:50:02.715 HelloCordova[24942:672523] Finished load of: file:///Users/aaronmcleod/Library/Developer/CoreSimulator/Devices/782626E8-301B-4838-B85D-CE15753A0643/data/Containers/Bundle/Application/95214FC4-246F-44BC-97DB-3EC911C20E0A/HelloCordova.app/www/index.html
2015-03-26 20:50:28.323 HelloCordova[25040:673634] DiskCookieStorage changing policy from 2 to 0, cookie file: file:///Users/aaronmcleod/Library/Developer/CoreSimulator/Devices/782626E8-301B-4838-B85D-CE15753A0643/data/Containers/Data/Application/64D7267A-A8F4-465D-B0A9-29B07046912D/Library/Cookies/Cookies.binarycookies
2015-03-26 20:50:28.377 HelloCordova[25040:673634] Apache Cordova native platform version 3.7.0 is starting.
2015-03-26 20:50:28.377 HelloCordova[25040:673634] Multi-tasking -> Device: YES, App: YES
2015-03-26 20:50:28.379 HelloCordova[25040:673634] Unlimited access to network resources
2015-03-26 20:50:28.381 HelloCordova[25040:673634] 

Started backup to iCloud! Please be careful.
Your application might be rejected by Apple if you store too much data.
For more information please read "iOS Data Storage Guidelines" at:
https://developer.apple.com/icloud/documentation/data-storage/
To disable web storage backup to iCloud, set the BackupWebStorage preference to "local" in the Cordova config.xml file

2015-03-26 20:50:28.509 HelloCordova[25040:673634] Resetting plugins due to page load.
2015-03-26 20:50:28.588 HelloCordova[25040:673634] Finished load of: file:///Users/aaronmcleod/Library/Developer/CoreSimulator/Devices/782626E8-301B-4838-B85D-CE15753A0643/data/Containers/Bundle/Application/11AAD44A-2BF6-4809-AC1B-46E7464B6DE1/HelloCordova.app/www/index.html
2015-03-26 21:20:44.728 HelloCordova[25472:700854] DiskCookieStorage changing policy from 2 to 0, cookie file: file:///Users/aaronmcleod/Library/Developer/CoreSimulator/Devices/782626E8-301B-4838-B85D-CE15753A0643/data/Containers/Data/Application/B95D9280-3955-4FC7-A739-8992FBC589C2/Library/Cookies/Cookies.binarycookies
2015-03-26 21:20:44.933 HelloCordova[25472:700854] Apache Cordova native platform version 3.7.0 is starting.
2015-03-26 21:20:44.933 HelloCordova[25472:700854] Multi-tasking -> Device: YES, App: YES
2015-03-26 21:20:44.958 HelloCordova[25472:700854] Unlimited access to network resources
2015-03-26 21:20:44.963 HelloCordova[25472:700854] 

Started backup to iCloud! Please be careful.
Your application might be rejected by Apple if you store too much data.
For more information please read "iOS Data Storage Guidelines" at:
https://developer.apple.com/icloud/documentation/data-storage/
To disable web storage backup to iCloud, set the BackupWebStorage preference to "local" in the Cordova config.xml file

2015-03-26 21:20:45.346 HelloCordova[25472:700854] Resetting plugins due to page load.
2015-03-26 21:20:45.471 HelloCordova[25472:700854] Finished load of: file:///Users/aaronmcleod/Library/Developer/CoreSimulator/Devices/782626E8-301B-4838-B85D-CE15753A0643/data/Containers/Bundle/Application/E64A25BF-A41B-4F30-9AE4-7495C3DCB298/HelloCordova.app/www/index.html
2015-03-26 21:21:42.014 HelloCordova[25652:702453] DiskCookieStorage changing policy from 2 to 0, cookie file: file:///Users/aaronmcleod/Library/Developer/CoreSimulator/Devices/782626E8-301B-4838-B85D-CE15753A0643/data/Containers/Data/Application/8F70B42B-30A2-4422-AE05-D866A8280256/Library/Cookies/Cookies.binarycookies
2015-03-26 21:21:42.125 HelloCordova[25652:702453] Apache Cordova native platform version 3.7.0 is starting.
2015-03-26 21:21:42.125 HelloCordova[25652:702453] Multi-tasking -> Device: YES, App: YES
2015-03-26 21:21:42.127 HelloCordova[25652:702453] Unlimited access to network resources
2015-03-26 21:21:42.129 HelloCordova[25652:702453] 

Started backup to iCloud! Please be careful.
Your application might be rejected by Apple if you store too much data.
For more information please read "iOS Data Storage Guidelines" at:
https://developer.apple.com/icloud/documentation/data-storage/
To disable web storage backup to iCloud, set the BackupWebStorage preference to "local" in the Cordova config.xml file

2015-03-26 21:21:42.274 HelloCordova[25652:702453] Resetting plugins due to page load.
2015-03-26 21:21:42.333 HelloCordova[25652:702453] Finished load of: file:///Users/aaronmcleod/Library/Developer/CoreSimulator/Devices/782626E8-301B-4838-B85D-CE15753A0643/data/Containers/Bundle/Application/493BCD5A-97CE-4EE2-BA0E-E2CBB1335D84/HelloCordova.app/www/index.html
2015-03-26 21:21:48.567 HelloCordova[25652:702453] Resetting plugins due to page load.
2015-03-26 21:21:48.673 HelloCordova[25652:702453] Finished load of: file:///Users/aaronmcleod/Library/Developer/CoreSimulator/Devices/782626E8-301B-4838-B85D-CE15753A0643/data/Containers/Bundle/Application/493BCD5A-97CE-4EE2-BA0E-E2CBB1335D84/HelloCordova.app/www/index.html
2015-03-26 21:22:42.656 HelloCordova[25652:702453] Resetting plugins due to page load.
2015-03-26 21:22:42.761 HelloCordova[25652:702453] Finished load of: file:///Users/aaronmcleod/Library/Developer/CoreSimulator/Devices/782626E8-301B-4838-B85D-CE15753A0643/data/Containers/Bundle/Application/493BCD5A-97CE-4EE2-BA0E-E2CBB1335D84/HelloCordova.app/www/index.html
2015-03-26 21:30:12.203 HelloCordova[25846:707902] DiskCookieStorage changing policy from 2 to 0, cookie file: file:///Users/aaronmcleod/Library/Developer/CoreSimulator/Devices/782626E8-301B-4838-B85D-CE15753A0643/data/Containers/Data/Application/C31C9A1C-26DB-4489-8391-4A845B9A20F4/Library/Cookies/Cookies.binarycookies
2015-03-26 21:30:12.304 HelloCordova[25846:707902] Apache Cordova native platform version 3.7.0 is starting.
2015-03-26 21:30:12.304 HelloCordova[25846:707902] Multi-tasking -> Device: YES, App: YES
2015-03-26 21:30:12.306 HelloCordova[25846:707902] Unlimited access to network resources
2015-03-26 21:30:12.308 HelloCordova[25846:707902] 

Started backup to iCloud! Please be careful.
Your application might be rejected by Apple if you store too much data.
For more information please read "iOS Data Storage Guidelines" at:
https://developer.apple.com/icloud/documentation/data-storage/
To disable web storage backup to iCloud, set the BackupWebStorage preference to "local" in the Cordova config.xml file

2015-03-26 21:30:12.474 HelloCordova[25846:707902] Resetting plugins due to page load.
2015-03-26 21:30:12.539 HelloCordova[25846:707902] Finished load of: file:///Users/aaronmcleod/Library/Developer/CoreSimulator/Devices/782626E8-301B-4838-B85D-CE15753A0643/data/Containers/Bundle/Application/02D728A3-7820-456D-89C5-1747660912FC/HelloCordova.app/www/index.html
2015-03-26 21:30:28.965 HelloCordova[25846:707902] Resetting plugins due to page load.
2015-03-26 21:30:29.129 HelloCordova[25846:707902] Finished load of: file:///Users/aaronmcleod/Library/Developer/CoreSimulator/Devices/782626E8-301B-4838-B85D-CE15753A0643/data/Containers/Bundle/Application/02D728A3-7820-456D-89C5-1747660912FC/HelloCordova.app/www/index.html
2015-03-26 21:32:30.693 HelloCordova[26108:713123] DiskCookieStorage changing policy from 2 to 0, cookie file: file:///Users/aaronmcleod/Library/Developer/CoreSimulator/Devices/782626E8-301B-4838-B85D-CE15753A0643/data/Containers/Data/Application/74CB1100-E8EE-4FF2-83ED-EC3280FEBFB4/Library/Cookies/Cookies.binarycookies
2015-03-26 21:32:30.793 HelloCordova[26108:713123] Apache Cordova native platform version 3.7.0 is starting.
2015-03-26 21:32:30.793 HelloCordova[26108:713123] Multi-tasking -> Device: YES, App: YES
2015-03-26 21:32:30.795 HelloCordova[26108:713123] Unlimited access to network resources
2015-03-26 21:32:30.797 HelloCordova[26108:713123] 

Started backup to iCloud! Please be careful.
Your application might be rejected by Apple if you store too much data.
For more information please read "iOS Data Storage Guidelines" at:
https://developer.apple.com/icloud/documentation/data-storage/
To disable web storage backup to iCloud, set the BackupWebStorage preference to "local" in the Cordova config.xml file

2015-03-26 21:32:30.981 HelloCordova[26108:713123] Resetting plugins due to page load.
2015-03-26 21:32:31.067 HelloCordova[26108:713123] Finished load of: file:///Users/aaronmcleod/Library/Developer/CoreSimulator/Devices/782626E8-301B-4838-B85D-CE15753A0643/data/Containers/Bundle/Application/74067E75-1C58-4742-B5C0-93EC744E9730/HelloCordova.app/www/index.html
2015-03-26 21:32:40.835 HelloCordova[26108:713123] Resetting plugins due to page load.
2015-03-26 21:32:40.926 HelloCordova[26108:713123] Finished load of: file:///Users/aaronmcleod/Library/Developer/CoreSimulator/Devices/782626E8-301B-4838-B85D-CE15753A0643/data/Containers/Bundle/Application/74067E75-1C58-4742-B5C0-93EC744E9730/HelloCordova.app/www/index.html
2015-03-26 21:36:58.607 HelloCordova[26285:717116] DiskCookieStorage changing policy from 2 to 0, cookie file: file:///Users/aaronmcleod/Library/Developer/CoreSimulator/Devices/782626E8-301B-4838-B85D-CE15753A0643/data/Containers/Data/Application/DA62394C-0AA4-4033-A630-07641B26F3F1/Library/Cookies/Cookies.binarycookies
2015-03-26 21:36:58.711 HelloCordova[26285:717116] Apache Cordova native platform version 3.7.0 is starting.
2015-03-26 21:36:58.712 HelloCordova[26285:717116] Multi-tasking -> Device: YES, App: YES
2015-03-26 21:36:58.714 HelloCordova[26285:717116] Unlimited access to network resources
2015-03-26 21:36:58.716 HelloCordova[26285:717116] 

Started backup to iCloud! Please be careful.
Your application might be rejected by Apple if you store too much data.
For more information please read "iOS Data Storage Guidelines" at:
https://developer.apple.com/icloud/documentation/data-storage/
To disable web storage backup to iCloud, set the BackupWebStorage preference to "local" in the Cordova config.xml file

2015-03-26 21:36:58.888 HelloCordova[26285:717116] Resetting plugins due to page load.
2015-03-26 21:36:58.941 HelloCordova[26285:717116] Finished load of: file:///Users/aaronmcleod/Library/Developer/CoreSimulator/Devices/782626E8-301B-4838-B85D-CE15753A0643/data/Containers/Bundle/Application/FD179263-D02D-4D10-814C-9D0C97F98C21/HelloCordova.app/www/index.html
2015-03-26 21:37:08.764 HelloCordova[26285:717116] Resetting plugins due to page load.
2015-03-26 21:37:08.826 HelloCordova[26285:717116] Finished load of: file:///Users/aaronmcleod/Library/Developer/CoreSimulator/Devices/782626E8-301B-4838-B85D-CE15753A0643/data/Containers/Bundle/Application/FD179263-D02D-4D10-814C-9D0C97F98C21/HelloCordova.app/www/index.html
2015-03-26 21:37:42.710 HelloCordova[26436:718112] DiskCookieStorage changing policy from 2 to 0, cookie file: file:///Users/aaronmcleod/Library/Developer/CoreSimulator/Devices/782626E8-301B-4838-B85D-CE15753A0643/data/Containers/Data/Application/906F63AD-EA50-4C4D-9287-C2495C18F2F9/Library/Cookies/Cookies.binarycookies
2015-03-26 21:37:42.822 HelloCordova[26436:718112] Apache Cordova native platform version 3.7.0 is starting.
2015-03-26 21:37:42.823 HelloCordova[26436:718112] Multi-tasking -> Device: YES, App: YES
2015-03-26 21:37:42.826 HelloCordova[26436:718112] Unlimited access to network resources
2015-03-26 21:37:42.829 HelloCordova[26436:718112] 

Started backup to iCloud! Please be careful.
Your application might be rejected by Apple if you store too much data.
For more information please read "iOS Data Storage Guidelines" at:
https://developer.apple.com/icloud/documentation/data-storage/
To disable web storage backup to iCloud, set the BackupWebStorage preference to "local" in the Cordova config.xml file

2015-03-26 21:37:42.971 HelloCordova[26436:718112] Resetting plugins due to page load.
2015-03-26 21:37:43.048 HelloCordova[26436:718112] Finished load of: file:///Users/aaronmcleod/Library/Developer/CoreSimulator/Devices/782626E8-301B-4838-B85D-CE15753A0643/data/Containers/Bundle/Application/5919170B-AA23-4708-AD48-030D7028B0A2/HelloCordova.app/www/index.html#/
2015-03-26 21:37:54.372 HelloCordova[26436:718358] Terminating since there is no system app.
2015-03-26 21:49:23.160 HelloCordova[26669:730686] DiskCookieStorage changing policy from 2 to 0, cookie file: file:///Users/aaronmcleod/Library/Developer/CoreSimulator/Devices/782626E8-301B-4838-B85D-CE15753A0643/data/Containers/Data/Application/8306660E-002C-4205-B838-FC45B6582C5B/Library/Cookies/Cookies.binarycookies
2015-03-26 21:49:23.270 HelloCordova[26669:730686] Apache Cordova native platform version 3.7.0 is starting.
2015-03-26 21:49:23.271 HelloCordova[26669:730686] Multi-tasking -> Device: YES, App: YES
2015-03-26 21:49:23.272 HelloCordova[26669:730686] Unlimited access to network resources
2015-03-26 21:49:23.274 HelloCordova[26669:730686] 

Started backup to iCloud! Please be careful.
Your application might be rejected by Apple if you store too much data.
For more information please read "iOS Data Storage Guidelines" at:
https://developer.apple.com/icloud/documentation/data-storage/
To disable web storage backup to iCloud, set the BackupWebStorage preference to "local" in the Cordova config.xml file

2015-03-26 21:49:23.493 HelloCordova[26669:730686] Resetting plugins due to page load.
2015-03-26 21:49:23.594 HelloCordova[26669:730686] Finished load of: file:///Users/aaronmcleod/Library/Developer/CoreSimulator/Devices/782626E8-301B-4838-B85D-CE15753A0643/data/Containers/Bundle/Application/2557017A-3289-45DF-A51C-C633BFFF1B1C/HelloCordova.app/www/index.html#/
2015-03-26 21:49:30.492 HelloCordova[26669:730686] Resetting plugins due to page load.
2015-03-26 21:49:30.515 HelloCordova[26669:730686] Finished load of: file:///Users/aaronmcleod/Library/Developer/CoreSimulator/Devices/782626E8-301B-4838-B85D-CE15753A0643/data/Containers/Bundle/Application/2557017A-3289-45DF-A51C-C633BFFF1B1C/HelloCordova.app/www/index.html?#/form
2015-03-26 21:51:12.419 HelloCordova[26832:732615] DiskCookieStorage changing policy from 2 to 0, cookie file: file:///Users/aaronmcleod/Library/Developer/CoreSimulator/Devices/782626E8-301B-4838-B85D-CE15753A0643/data/Containers/Data/Application/19A61E3B-4090-4414-AF46-0AF0A04906E0/Library/Cookies/Cookies.binarycookies
2015-03-26 21:51:12.534 HelloCordova[26832:732615] Apache Cordova native platform version 3.7.0 is starting.
2015-03-26 21:51:12.534 HelloCordova[26832:732615] Multi-tasking -> Device: YES, App: YES
2015-03-26 21:51:12.537 HelloCordova[26832:732615] Unlimited access to network resources
2015-03-26 21:51:12.541 HelloCordova[26832:732615] 

Started backup to iCloud! Please be careful.
Your application might be rejected by Apple if you store too much data.
For more information please read "iOS Data Storage Guidelines" at:
https://developer.apple.com/icloud/documentation/data-storage/
To disable web storage backup to iCloud, set the BackupWebStorage preference to "local" in the Cordova config.xml file

2015-03-26 21:51:12.696 HelloCordova[26832:732615] Resetting plugins due to page load.
2015-03-26 21:51:12.767 HelloCordova[26832:732615] Finished load of: file:///Users/aaronmcleod/Library/Developer/CoreSimulator/Devices/782626E8-301B-4838-B85D-CE15753A0643/data/Containers/Bundle/Application/6B202FAC-8BDB-4016-A221-1053C3CC9312/HelloCordova.app/www/index.html#/
2015-03-26 21:51:18.455 HelloCordova[26832:732615] Resetting plugins due to page load.
2015-03-26 21:51:18.473 HelloCordova[26832:732615] Finished load of: file:///Users/aaronmcleod/Library/Developer/CoreSimulator/Devices/782626E8-301B-4838-B85D-CE15753A0643/data/Containers/Bundle/Application/6B202FAC-8BDB-4016-A221-1053C3CC9312/HelloCordova.app/www/index.html?#/form
2015-03-26 21:55:10.006 HelloCordova[27005:735605] DiskCookieStorage changing policy from 2 to 0, cookie file: file:///Users/aaronmcleod/Library/Developer/CoreSimulator/Devices/782626E8-301B-4838-B85D-CE15753A0643/data/Containers/Data/Application/E4172BE8-D6D5-42E6-A80E-E8AFCB0E52B0/Library/Cookies/Cookies.binarycookies
2015-03-26 21:55:10.118 HelloCordova[27005:735605] Apache Cordova native platform version 3.7.0 is starting.
2015-03-26 21:55:10.118 HelloCordova[27005:735605] Multi-tasking -> Device: YES, App: YES
2015-03-26 21:55:10.122 HelloCordova[27005:735605] Unlimited access to network resources
2015-03-26 21:55:10.124 HelloCordova[27005:735605] 

Started backup to iCloud! Please be careful.
Your application might be rejected by Apple if you store too much data.
For more information please read "iOS Data Storage Guidelines" at:
https://developer.apple.com/icloud/documentation/data-storage/
To disable web storage backup to iCloud, set the BackupWebStorage preference to "local" in the Cordova config.xml file

2015-03-26 21:55:10.280 HelloCordova[27005:735605] Resetting plugins due to page load.
2015-03-26 21:55:10.354 HelloCordova[27005:735605] Finished load of: file:///Users/aaronmcleod/Library/Developer/CoreSimulator/Devices/782626E8-301B-4838-B85D-CE15753A0643/data/Containers/Bundle/Application/82CE5767-5436-4423-9A8B-8A84224E2E98/HelloCordova.app/www/index.html#/
2015-03-26 21:55:13.672 HelloCordova[27005:735605] Resetting plugins due to page load.
2015-03-26 21:55:13.692 HelloCordova[27005:735605] Finished load of: file:///Users/aaronmcleod/Library/Developer/CoreSimulator/Devices/782626E8-301B-4838-B85D-CE15753A0643/data/Containers/Bundle/Application/82CE5767-5436-4423-9A8B-8A84224E2E98/HelloCordova.app/www/index.html?#/form
2015-03-26 21:57:45.628 HelloCordova[27171:738217] DiskCookieStorage changing policy from 2 to 0, cookie file: file:///Users/aaronmcleod/Library/Developer/CoreSimulator/Devices/782626E8-301B-4838-B85D-CE15753A0643/data/Containers/Data/Application/5EF449FF-2F7F-47D2-8C87-3AFB1EC5A9DA/Library/Cookies/Cookies.binarycookies
2015-03-26 21:57:45.742 HelloCordova[27171:738217] Apache Cordova native platform version 3.7.0 is starting.
2015-03-26 21:57:45.743 HelloCordova[27171:738217] Multi-tasking -> Device: YES, App: YES
2015-03-26 21:57:45.746 HelloCordova[27171:738217] Unlimited access to network resources
2015-03-26 21:57:45.751 HelloCordova[27171:738217] 

Started backup to iCloud! Please be careful.
Your application might be rejected by Apple if you store too much data.
For more information please read "iOS Data Storage Guidelines" at:
https://developer.apple.com/icloud/documentation/data-storage/
To disable web storage backup to iCloud, set the BackupWebStorage preference to "local" in the Cordova config.xml file

2015-03-26 21:57:45.899 HelloCordova[27171:738217] Resetting plugins due to page load.
2015-03-26 21:57:45.962 HelloCordova[27171:738217] Finished load of: file:///Users/aaronmcleod/Library/Developer/CoreSimulator/Devices/782626E8-301B-4838-B85D-CE15753A0643/data/Containers/Bundle/Application/457DF9A9-19E8-43BA-B425-0FC21E9476B2/HelloCordova.app/www/index.html#/
2015-03-26 21:58:03.822 HelloCordova[27171:738217] Resetting plugins due to page load.
2015-03-26 21:58:03.842 HelloCordova[27171:738217] Finished load of: file:///Users/aaronmcleod/Library/Developer/CoreSimulator/Devices/782626E8-301B-4838-B85D-CE15753A0643/data/Containers/Bundle/Application/457DF9A9-19E8-43BA-B425-0FC21E9476B2/HelloCordova.app/www/index.html?#/form
2015-03-26 22:00:02.054 HelloCordova[27465:741331] DiskCookieStorage changing policy from 2 to 0, cookie file: file:///Users/aaronmcleod/Library/Developer/CoreSimulator/Devices/782626E8-301B-4838-B85D-CE15753A0643/data/Containers/Data/Application/95D29073-71F2-4EF9-B8A9-D74D66319D60/Library/Cookies/Cookies.binarycookies
2015-03-26 22:00:02.125 HelloCordova[27465:741331] Apache Cordova native platform version 3.7.0 is starting.
2015-03-26 22:00:02.126 HelloCordova[27465:741331] Multi-tasking -> Device: YES, App: YES
2015-03-26 22:00:02.127 HelloCordova[27465:741331] Unlimited access to network resources
2015-03-26 22:00:02.130 HelloCordova[27465:741331] 

Started backup to iCloud! Please be careful.
Your application might be rejected by Apple if you store too much data.
For more information please read "iOS Data Storage Guidelines" at:
https://developer.apple.com/icloud/documentation/data-storage/
To disable web storage backup to iCloud, set the BackupWebStorage preference to "local" in the Cordova config.xml file

2015-03-26 22:00:02.266 HelloCordova[27465:741331] Resetting plugins due to page load.
2015-03-26 22:00:02.314 HelloCordova[27465:741331] Finished load of: file:///Users/aaronmcleod/Library/Developer/CoreSimulator/Devices/782626E8-301B-4838-B85D-CE15753A0643/data/Containers/Bundle/Application/CE3E5972-2AAD-42CE-A976-D78987C5491B/HelloCordova.app/www/index.html
2015-03-26 22:00:26.436 HelloCordova[27465:741331] Resetting plugins due to page load.
2015-03-26 22:00:26.501 HelloCordova[27465:741331] Finished load of: file:///Users/aaronmcleod/Library/Developer/CoreSimulator/Devices/782626E8-301B-4838-B85D-CE15753A0643/data/Containers/Bundle/Application/CE3E5972-2AAD-42CE-A976-D78987C5491B/HelloCordova.app/www/index.html
2015-03-26 22:02:39.975 HelloCordova[27683:743775] DiskCookieStorage changing policy from 2 to 0, cookie file: file:///Users/aaronmcleod/Library/Developer/CoreSimulator/Devices/782626E8-301B-4838-B85D-CE15753A0643/data/Containers/Data/Application/FCBB4349-F3BD-42ED-A054-5E47DCB4DD41/Library/Cookies/Cookies.binarycookies
2015-03-26 22:02:40.070 HelloCordova[27683:743775] Apache Cordova native platform version 3.7.0 is starting.
2015-03-26 22:02:40.071 HelloCordova[27683:743775] Multi-tasking -> Device: YES, App: YES
2015-03-26 22:02:40.072 HelloCordova[27683:743775] Unlimited access to network resources
2015-03-26 22:02:40.074 HelloCordova[27683:743775] 

Started backup to iCloud! Please be careful.
Your application might be rejected by Apple if you store too much data.
For more information please read "iOS Data Storage Guidelines" at:
https://developer.apple.com/icloud/documentation/data-storage/
To disable web storage backup to iCloud, set the BackupWebStorage preference to "local" in the Cordova config.xml file

2015-03-26 22:02:40.237 HelloCordova[27683:743775] Resetting plugins due to page load.
2015-03-26 22:02:40.312 HelloCordova[27683:743775] Finished load of: file:///Users/aaronmcleod/Library/Developer/CoreSimulator/Devices/782626E8-301B-4838-B85D-CE15753A0643/data/Containers/Bundle/Application/848E55E8-38B9-447C-A0B1-C8AB48C35AAE/HelloCordova.app/www/index.html#/
2015-03-26 22:02:45.084 HelloCordova[27683:743775] Resetting plugins due to page load.
2015-03-26 22:02:45.105 HelloCordova[27683:743775] Finished load of: file:///Users/aaronmcleod/Library/Developer/CoreSimulator/Devices/782626E8-301B-4838-B85D-CE15753A0643/data/Containers/Bundle/Application/848E55E8-38B9-447C-A0B1-C8AB48C35AAE/HelloCordova.app/www/index.html?#/form
2015-03-26 22:03:04.812 HelloCordova[27683:743775] Resetting plugins due to page load.
2015-03-26 22:03:04.928 HelloCordova[27683:743775] Finished load of: file:///Users/aaronmcleod/Library/Developer/CoreSimulator/Devices/782626E8-301B-4838-B85D-CE15753A0643/data/Containers/Bundle/Application/848E55E8-38B9-447C-A0B1-C8AB48C35AAE/HelloCordova.app/www/index.html?#/form
